[35m[1mScanning dependencies of target std_msgs_generate_messages_eus[0m
[35m[1mScanning dependencies of target _gps_driver_generate_messages_check_deps_gps_msg[0m
[35m[1mScanning dependencies of target std_msgs_generate_messages_nodejs[0m
[35m[1mScanning dependencies of target std_msgs_generate_messages_py[0m
[35m[1mScanning dependencies of target std_msgs_generate_messages_cpp[0m
[35m[1mScanning dependencies of target std_msgs_generate_messages_lisp[0m
[  0%] Built target std_msgs_generate_messages_cpp
[  0%] Built target std_msgs_generate_messages_nodejs
[  0%] Built target std_msgs_generate_messages_lisp
[  0%] Built target std_msgs_generate_messages_eus
[  0%] Built target std_msgs_generate_messages_py
[  0%] Built target _gps_driver_generate_messages_check_deps_gps_msg
[35m[1mScanning dependencies of target gps_driver_generate_messages_eus[0m
[35m[1mScanning dependencies of target gps_driver_generate_messages_nodejs[0m
[35m[1mScanning dependencies of target gps_driver_generate_messages_cpp[0m
[35m[1mScanning dependencies of target gps_driver_generate_messages_lisp[0m
[35m[1mScanning dependencies of target gps_driver_generate_messages_py[0m
[ 85%] [34m[1mGenerating EusLisp manifest code for gps_driver[0m
[ 85%] [34m[1mGenerating EusLisp code from gps_driver/gps_msg.msg[0m
[ 85%] [34m[1mGenerating C++ code from gps_driver/gps_msg.msg[0m
[ 85%] [34m[1mGenerating Python from MSG gps_driver/gps_msg[0m
[ 85%] [34m[1mGenerating Javascript code from gps_driver/gps_msg.msg[0m
[ 85%] [34m[1mGenerating Lisp code from gps_driver/gps_msg.msg[0m
[ 85%] Built target gps_driver_generate_messages_lisp
[ 85%] Built target gps_driver_generate_messages_nodejs
[ 85%] Built target gps_driver_generate_messages_cpp
[100%] [34m[1mGenerating Python msg __init__.py for gps_driver[0m
[100%] Built target gps_driver_generate_messages_py
[100%] Built target gps_driver_generate_messages_eus
[35m[1mScanning dependencies of target gps_driver_generate_messages[0m
[100%] Built target gps_driver_generate_messages
